<?xml version="1.0" encoding="UTF-8"?>
<!-- Generated by org.testng.reporters.JUnitReportReporter -->
<testsuite hostname="LAPTOP-E1QE7JE5" failures="0" tests="1" name="TestCases.Screenshot2Test" time="23.792" errors="0" timestamp="2023-08-11T00:08:42 IST" skipped="0">
  <testcase classname="TestCases.Screenshot2Test" name="verifySignupTest" time="23.792"/>
  <system-out/>
</testsuite> <!-- TestCases.Screenshot2Test -->
