<?xml version="1.0" encoding="UTF-8"?>
<!-- Generated by org.testng.reporters.JUnitReportReporter -->
<testsuite hostname="LAPTOP-E1QE7JE5" failures="0" tests="3" name="TestCases.GroupTest1" time="50.172" errors="0" timestamp="2023-08-09T23:16:07 IST" skipped="0">
  <testcase classname="TestCases.GroupTest1" name="verifyCaptchaTest" time="13.630"/>
  <system-out/>
  <testcase classname="TestCases.GroupTest1" name="fillDetailsTest" time="24.344"/>
  <system-out/>
  <testcase classname="TestCases.GroupTest1" name="verifyLogoTest" time="12.198"/>
  <system-out/>
</testsuite> <!-- TestCases.GroupTest1 -->
