<?xml version="1.0" encoding="UTF-8"?>
<!-- Generated by org.testng.reporters.JUnitReportReporter -->
<testsuite hostname="LAPTOP-E1QE7JE5" failures="0" tests="1" name="TestCases.FailedTest" time="21.185" errors="0" timestamp="2023-08-09T22:40:28 IST" skipped="0">
  <testcase classname="TestCases.FailedTest" name="verifyTitleTest" time="21.185"/>
  <system-out/>
</testsuite> <!-- TestCases.FailedTest -->
