<?xml version="1.0" encoding="UTF-8"?>
<!-- Generated by org.testng.reporters.JUnitReportReporter -->
<testsuite hostname="LAPTOP-E1QE7JE5" failures="0" tests="3" name="TestCases.ParallelTest" time="421.320" errors="0" timestamp="2023-08-11T01:06:42 IST" skipped="0">
  <testcase classname="TestCases.ParallelTest" name="flipkartTest" time="142.123"/>
  <system-out/>
  <testcase classname="TestCases.ParallelTest" name="fbTest" time="126.215"/>
  <system-out/>
  <testcase classname="TestCases.ParallelTest" name="amazonTest" time="152.982"/>
  <system-out/>
</testsuite> <!-- TestCases.ParallelTest -->
