<?xml version="1.0" encoding="UTF-8"?>
<!-- Generated by org.testng.reporters.JUnitReportReporter -->
<testsuite hostname="LAPTOP-E1QE7JE5" failures="0" tests="4" name="TestCases.SignupPageTest" time="48.795" errors="0" timestamp="2023-08-17T18:08:30 IST" skipped="0">
  <testcase classname="TestCases.SignupPageTest" name="verifyCaptchaTest" time="22.223"/>
  <system-out/>
  <testcase classname="TestCases.SignupPageTest" name="verifyTitleTest" time="7.477"/>
  <system-out/>
  <testcase classname="TestCases.SignupPageTest" name="fillDetailsTest" time="12.208"/>
  <system-out/>
  <testcase classname="TestCases.SignupPageTest" name="verifyLogoTest" time="6.887"/>
  <system-out/>
</testsuite> <!-- TestCases.SignupPageTest -->
