<?xml version="1.0" encoding="UTF-8"?>
<!-- Generated by org.testng.reporters.JUnitReportReporter -->
<testsuite hostname="LAPTOP-E1QE7JE5" failures="0" tests="4" name="TestCases.PriorityTest" time="34.578" errors="0" timestamp="2023-08-09T23:16:07 IST" skipped="0">
  <testcase classname="TestCases.PriorityTest" name="verifyLogoTest" time="8.038"/>
  <system-out/>
  <testcase classname="TestCases.PriorityTest" name="verifyCaptchaTest" time="6.860"/>
  <system-out/>
  <testcase classname="TestCases.PriorityTest" name="fillDetailsTest" time="9.867"/>
  <system-out/>
  <testcase classname="TestCases.PriorityTest" name="fillDetailsTest" time="9.813"/>
  <system-out/>
</testsuite> <!-- TestCases.PriorityTest -->
