<?xml version="1.0" encoding="UTF-8"?>
<!-- Generated by org.testng.reporters.JUnitReportReporter -->
<testsuite hostname="LAPTOP-E1QE7JE5" failures="0" tests="4" name="TestCases.SignupPageTest" time="35.150" errors="0" timestamp="2023-08-09T23:16:07 IST" skipped="0">
  <testcase classname="TestCases.SignupPageTest" name="verifyLogoTest" time="8.185"/>
  <system-out/>
  <testcase classname="TestCases.SignupPageTest" name="verifyCaptchaTest" time="8.321"/>
  <system-out/>
  <testcase classname="TestCases.SignupPageTest" name="verifyTitleTest" time="8.765"/>
  <system-out/>
  <testcase classname="TestCases.SignupPageTest" name="fillDetailsTest" time="9.879"/>
  <system-out/>
</testsuite> <!-- TestCases.SignupPageTest -->
