<?xml version="1.0" encoding="UTF-8"?>
<!-- Generated by org.testng.reporters.JUnitReportReporter -->
<testsuite hostname="LAPTOP-E1QE7JE5" failures="0" tests="3" name="TestCases.GroupTest" time="26.820" errors="0" timestamp="2023-08-09T23:16:07 IST" skipped="0">
  <testcase classname="TestCases.GroupTest" name="verifyCaptchaTest" time="8.674"/>
  <system-out/>
  <testcase classname="TestCases.GroupTest" name="verifyLogoTest" time="8.593"/>
  <system-out/>
  <testcase classname="TestCases.GroupTest" name="fillDetailsTest" time="9.553"/>
  <system-out/>
</testsuite> <!-- TestCases.GroupTest -->
